[INFO] Scanning for projects...
[INFO] 
[INFO] -----------------------< com.example:asistencia >-----------------------
[INFO] Building asistencia 0.0.1-SNAPSHOT
[INFO]   from pom.xml
[INFO] --------------------------------[ jar ]---------------------------------
[INFO] 
[INFO] --- clean:3.4.1:clean (default-clean) @ asistencia ---
[INFO] Deleting C:\Users\jeffe\OneDrive\Escritorio\AppWeb-Here\web-asistencia-main\backend\target
[INFO] 
[INFO] --- resources:3.3.1:resources (default-resources) @ asistencia ---
[INFO] Copying 4 resources from src\main\resources to target\classes
[INFO] Copying 12 resources from src\main\resources to target\classes
[INFO] 
[INFO] --- compiler:3.14.0:compile (default-compile) @ asistencia ---
[INFO] Recompiling the module because of changed source code.
[INFO] Compiling 142 source files with javac [debug parameters release 17] to target\classes
[INFO] /C:/Users/jeffe/OneDrive/Escritorio/AppWeb-Here/web-asistencia-main/backend/src/main/java/com/example/asistencia/config/SecurityConfig.java: C:\Users\jeffe\OneDrive\Escritorio\AppWeb-Here\web-asistencia-main\backend\src\main\java\com\example\asistencia\config\SecurityConfig.java uses or overrides a deprecated API.
[INFO] /C:/Users/jeffe/OneDrive/Escritorio/AppWeb-Here/web-asistencia-main/backend/src/main/java/com/example/asistencia/config/SecurityConfig.java: Recompile with -Xlint:deprecation for details.
[INFO] -------------------------------------------------------------
[ERROR] COMPILATION ERROR : 
[INFO] -------------------------------------------------------------
[ERROR] /C:/Users/jeffe/OneDrive/Escritorio/AppWeb-Here/web-asistencia-main/backend/src/main/java/com/example/asistencia/service/impl/SedeServiceImpl.java:[77,13] cannot find symbol
  symbol:   method setCantidadEmpleados(long)
  location: variable sede of type com.example.asistencia.entity.Sede
[INFO] 1 error
[INFO] -------------------------------------------------------------
[INFO] ------------------------------------------------------------------------
[INFO] BUILD FAILURE
[INFO] ------------------------------------------------------------------------
[INFO] Total time:  16.721 s
[INFO] Finished at: 2025-11-27T11:27:21-05:00
[INFO] ------------------------------------------------------------------------
[ERROR] Failed to execute goal org.apache.maven.plugins:maven-compiler-plugin:3.14.0:compile (default-compile) on project asistencia: Compilation failure
[ERROR] /C:/Users/jeffe/OneDrive/Escritorio/AppWeb-Here/web-asistencia-main/backend/src/main/java/com/example/asistencia/service/impl/SedeServiceImpl.java:[77,13] cannot find symbol
[ERROR]   symbol:   method setCantidadEmpleados(long)
[ERROR]   location: variable sede of type com.example.asistencia.entity.Sede
[ERROR] 
[ERROR] -> [Help 1]
[ERROR] 
[ERROR] To see the full stack trace of the errors, re-run Maven with the -e switch.
[ERROR] Re-run Maven using the -X switch to enable full debug logging.
[ERROR] 
[ERROR] For more information about the errors and possible solutions, please read the following articles:
[ERROR] [Help 1] http://cwiki.apache.org/confluence/display/MAVEN/MojoFailureException
